This is pdfTeX, Version 3.1415926-2.6-1.40.14 (TeX Live 2014/dev) (format=pdflatex 2014.10.26)  3 FEB 2015 11:31
entering extended mode
 restricted \write18 enabled.
 %&-line parsing enabled.
**main.tex
(./main.tex
LaTeX2e <2011/06/27>
Babel <3.9h> and hyphenation patterns for 2 languages loaded.
(./Thesis.cls (/usr/share/texlive/texmf-dist/tex/latex/base/inputenc.sty
Package: inputenc 2008/03/30 v1.1d Input encoding file
\inpenc@prehook=\toks14
\inpenc@posthook=\toks15

(/usr/share/texlive/texmf-dist/tex/latex/base/utf8.def
File: utf8.def 2008/04/05 v1.1m UTF-8 support for inputenc
Now handling font encoding OML ...
... no UTF-8 mapping file for font encoding OML
Now handling font encoding T1 ...
... processing UTF-8 mapping file for font encoding T1

(/usr/share/texlive/texmf-dist/tex/latex/base/t1enc.dfu
File: t1enc.dfu 2008/04/05 v1.1m UTF-8 support for inputenc
   defining Unicode char U+00A1 (decimal 161)
   defining Unicode char U+00A3 (decimal 163)
   defining Unicode char U+00AB (decimal 171)
   defining Unicode char U+00BB (decimal 187)
   defining Unicode char U+00BF (decimal 191)
   defining Unicode char U+00C0 (decimal 192)
   defining Unicode char U+00C1 (decimal 193)
   defining Unicode char U+00C2 (decimal 194)
   defining Unicode char U+00C3 (decimal 195)
   defining Unicode char U+00C4 (decimal 196)
   defining Unicode char U+00C5 (decimal 197)
   defining Unicode char U+00C6 (decimal 198)
   defining Unicode char U+00C7 (decimal 199)
   defining Unicode char U+00C8 (decimal 200)
   defining Unicode char U+00C9 (decimal 201)
   defining Unicode char U+00CA (decimal 202)
   defining Unicode char U+00CB (decimal 203)
   defining Unicode char U+00CC (decimal 204)
   defining Unicode char U+00CD (decimal 205)
   defining Unicode char U+00CE (decimal 206)
   defining Unicode char U+00CF (decimal 207)
   defining Unicode char U+00D0 (decimal 208)
   defining Unicode char U+00D1 (decimal 209)
   defining Unicode char U+00D2 (decimal 210)
   defining Unicode char U+00D3 (decimal 211)
   defining Unicode char U+00D4 (decimal 212)
   defining Unicode char U+00D5 (decimal 213)
   defining Unicode char U+00D6 (decimal 214)
   defining Unicode char U+00D8 (decimal 216)
   defining Unicode char U+00D9 (decimal 217)
   defining Unicode char U+00DA (decimal 218)
   defining Unicode char U+00DB (decimal 219)
   defining Unicode char U+00DC (decimal 220)
   defining Unicode char U+00DD (decimal 221)
   defining Unicode char U+00DE (decimal 222)
   defining Unicode char U+00DF (decimal 223)
   defining Unicode char U+00E0 (decimal 224)
   defining Unicode char U+00E1 (decimal 225)
   defining Unicode char U+00E2 (decimal 226)
   defining Unicode char U+00E3 (decimal 227)
   defining Unicode char U+00E4 (decimal 228)
   defining Unicode char U+00E5 (decimal 229)
   defining Unicode char U+00E6 (decimal 230)
   defining Unicode char U+00E7 (decimal 231)
   defining Unicode char U+00E8 (decimal 232)
   defining Unicode char U+00E9 (decimal 233)
   defining Unicode char U+00EA (decimal 234)
   defining Unicode char U+00EB (decimal 235)
   defining Unicode char U+00EC (decimal 236)
   defining Unicode char U+00ED (decimal 237)
   defining Unicode char U+00EE (decimal 238)
   defining Unicode char U+00EF (decimal 239)
   defining Unicode char U+00F0 (decimal 240)
   defining Unicode char U+00F1 (decimal 241)
   defining Unicode char U+00F2 (decimal 242)
   defining Unicode char U+00F3 (decimal 243)
   defining Unicode char U+00F4 (decimal 244)
   defining Unicode char U+00F5 (decimal 245)
   defining Unicode char U+00F6 (decimal 246)
   defining Unicode char U+00F8 (decimal 248)
   defining Unicode char U+00F9 (decimal 249)
   defining Unicode char U+00FA (decimal 250)
   defining Unicode char U+00FB (decimal 251)
   defining Unicode char U+00FC (decimal 252)
   defining Unicode char U+00FD (decimal 253)
   defining Unicode char U+00FE (decimal 254)
   defining Unicode char U+00FF (decimal 255)
   defining Unicode char U+0102 (decimal 258)
   defining Unicode char U+0103 (decimal 259)
   defining Unicode char U+0104 (decimal 260)
   defining Unicode char U+0105 (decimal 261)
   defining Unicode char U+0106 (decimal 262)
   defining Unicode char U+0107 (decimal 263)
   defining Unicode char U+010C (decimal 268)
   defining Unicode char U+010D (decimal 269)
   defining Unicode char U+010E (decimal 270)
   defining Unicode char U+010F (decimal 271)
   defining Unicode char U+0110 (decimal 272)
   defining Unicode char U+0111 (decimal 273)
   defining Unicode char U+0118 (decimal 280)
   defining Unicode char U+0119 (decimal 281)
   defining Unicode char U+011A (decimal 282)
   defining Unicode char U+011B (decimal 283)
   defining Unicode char U+011E (decimal 286)
   defining Unicode char U+011F (decimal 287)
   defining Unicode char U+0130 (decimal 304)
   defining Unicode char U+0131 (decimal 305)
   defining Unicode char U+0132 (decimal 306)
   defining Unicode char U+0133 (decimal 307)
   defining Unicode char U+0139 (decimal 313)
   defining Unicode char U+013A (decimal 314)
   defining Unicode char U+013D (decimal 317)
   defining Unicode char U+013E (decimal 318)
   defining Unicode char U+0141 (decimal 321)
   defining Unicode char U+0142 (decimal 322)
   defining Unicode char U+0143 (decimal 323)
   defining Unicode char U+0144 (decimal 324)
   defining Unicode char U+0147 (decimal 327)
   defining Unicode char U+0148 (decimal 328)
   defining Unicode char U+014A (decimal 330)
   defining Unicode char U+014B (decimal 331)
   defining Unicode char U+0150 (decimal 336)
   defining Unicode char U+0151 (decimal 337)
   defining Unicode char U+0152 (decimal 338)
   defining Unicode char U+0153 (decimal 339)
   defining Unicode char U+0154 (decimal 340)
   defining Unicode char U+0155 (decimal 341)
   defining Unicode char U+0158 (decimal 344)
   defining Unicode char U+0159 (decimal 345)
   defining Unicode char U+015A (decimal 346)
   defining Unicode char U+015B (decimal 347)
   defining Unicode char U+015E (decimal 350)
   defining Unicode char U+015F (decimal 351)
   defining Unicode char U+0160 (decimal 352)
   defining Unicode char U+0161 (decimal 353)
   defining Unicode char U+0162 (decimal 354)
   defining Unicode char U+0163 (decimal 355)
   defining Unicode char U+0164 (decimal 356)
   defining Unicode char U+0165 (decimal 357)
   defining Unicode char U+016E (decimal 366)
   defining Unicode char U+016F (decimal 367)
   defining Unicode char U+0170 (decimal 368)
   defining Unicode char U+0171 (decimal 369)
   defining Unicode char U+0178 (decimal 376)
   defining Unicode char U+0179 (decimal 377)
   defining Unicode char U+017A (decimal 378)
   defining Unicode char U+017B (decimal 379)
   defining Unicode char U+017C (decimal 380)
   defining Unicode char U+017D (decimal 381)
   defining Unicode char U+017E (decimal 382)
   defining Unicode char U+200C (decimal 8204)
   defining Unicode char U+2013 (decimal 8211)
   defining Unicode char U+2014 (decimal 8212)
   defining Unicode char U+2018 (decimal 8216)
   defining Unicode char U+2019 (decimal 8217)
   defining Unicode char U+201A (decimal 8218)
   defining Unicode char U+201C (decimal 8220)
   defining Unicode char U+201D (decimal 8221)
   defining Unicode char U+201E (decimal 8222)
   defining Unicode char U+2030 (decimal 8240)
   defining Unicode char U+2031 (decimal 8241)
   defining Unicode char U+2039 (decimal 8249)
   defining Unicode char U+203A (decimal 8250)
   defining Unicode char U+2423 (decimal 9251)
)
Now handling font encoding OT1 ...
... processing UTF-8 mapping file for font encoding OT1

(/usr/share/texlive/texmf-dist/tex/latex/base/ot1enc.dfu
File: ot1enc.dfu 2008/04/05 v1.1m UTF-8 support for inputenc
   defining Unicode char U+00A1 (decimal 161)
   defining Unicode char U+00A3 (decimal 163)
   defining Unicode char U+00B8 (decimal 184)
   defining Unicode char U+00BF (decimal 191)
   defining Unicode char U+00C5 (decimal 197)
   defining Unicode char U+00C6 (decimal 198)
   defining Unicode char U+00D8 (decimal 216)
   defining Unicode char U+00DF (decimal 223)
   defining Unicode char U+00E6 (decimal 230)
   defining Unicode char U+00EC (decimal 236)
   defining Unicode char U+00ED (decimal 237)
   defining Unicode char U+00EE (decimal 238)
   defining Unicode char U+00EF (decimal 239)
   defining Unicode char U+00F8 (decimal 248)
   defining Unicode char U+0131 (decimal 305)
   defining Unicode char U+0141 (decimal 321)
   defining Unicode char U+0142 (decimal 322)
   defining Unicode char U+0152 (decimal 338)
   defining Unicode char U+0153 (decimal 339)
   defining Unicode char U+2013 (decimal 8211)
   defining Unicode char U+2014 (decimal 8212)
   defining Unicode char U+2018 (decimal 8216)
   defining Unicode char U+2019 (decimal 8217)
   defining Unicode char U+201C (decimal 8220)
   defining Unicode char U+201D (decimal 8221)
)
Now handling font encoding OMS ...
... processing UTF-8 mapping file for font encoding OMS

(/usr/share/texlive/texmf-dist/tex/latex/base/omsenc.dfu
File: omsenc.dfu 2008/04/05 v1.1m UTF-8 support for inputenc
   defining Unicode char U+00A7 (decimal 167)
   defining Unicode char U+00B6 (decimal 182)
   defining Unicode char U+00B7 (decimal 183)
   defining Unicode char U+2020 (decimal 8224)
   defining Unicode char U+2021 (decimal 8225)
   defining Unicode char U+2022 (decimal 8226)
)
Now handling font encoding OMX ...
... no UTF-8 mapping file for font encoding OMX
Now handling font encoding U ...
... no UTF-8 mapping file for font encoding U
   defining Unicode char U+00A9 (decimal 169)
   defining Unicode char U+00AA (decimal 170)
   defining Unicode char U+00AE (decimal 174)
   defining Unicode char U+00BA (decimal 186)
   defining Unicode char U+02C6 (decimal 710)
   defining Unicode char U+02DC (decimal 732)
   defining Unicode char U+200C (decimal 8204)
   defining Unicode char U+2026 (decimal 8230)
   defining Unicode char U+2122 (decimal 8482)
   defining Unicode char U+2423 (decimal 9251)
))
Document Class: Thesis 2007/22/02 v1.0 LaTeX document class
(/usr/share/texlive/texmf-dist/tex/latex/base/book.cls
Document Class: book 2007/10/19 v1.4h Standard LaTeX document class
(/usr/share/texlive/texmf-dist/tex/latex/base/bk11.clo
File: bk11.clo 2007/10/19 v1.4h Standard LaTeX file (size option)
)
\c@part=\count79
\c@chapter=\count80
\c@section=\count81
\c@subsection=\count82
\c@subsubsection=\count83
\c@paragraph=\count84
\c@subparagraph=\count85
\c@figure=\count86
\c@table=\count87
\abovecaptionskip=\skip41
\belowcaptionskip=\skip42
\bibindent=\dimen102
)
(/usr/share/texlive/texmf-dist/tex/latex/setspace/setspace.sty
Package: setspace 2011/12/19 v6.7a set line spacing
)
(/usr/share/texlive/texmf-dist/tex/latex/vmargin/vmargin.sty
Package: vmargin 2004/07/15 V2.5 set document margins (VK)

Package: vmargin 2004/07/15 V2.5 set document margins (VK)
\PaperWidth=\dimen103
\PaperHeight=\dimen104
) (/usr/share/texlive/texmf-dist/tex/latex/fancyhdr/fancyhdr.sty
\fancy@headwidth=\skip43
\f@ncyO@elh=\skip44
\f@ncyO@erh=\skip45
\f@ncyO@olh=\skip46
\f@ncyO@orh=\skip47
\f@ncyO@elf=\skip48
\f@ncyO@erf=\skip49
\f@ncyO@olf=\skip50
\f@ncyO@orf=\skip51
)
(/usr/share/texlive/texmf-dist/tex/latex/amsmath/amsmath.sty
Package: amsmath 2013/01/14 v2.14 AMS math features
\@mathmargin=\skip52

For additional information on amsmath, use the `?' option.
(/usr/share/texlive/texmf-dist/tex/latex/amsmath/amstext.sty
Package: amstext 2000/06/29 v2.01

(/usr/share/texlive/texmf-dist/tex/latex/amsmath/amsgen.sty
File: amsgen.sty 1999/11/30 v2.0
\@emptytoks=\toks16
\ex@=\dimen105
))
(/usr/share/texlive/texmf-dist/tex/latex/amsmath/amsbsy.sty
Package: amsbsy 1999/11/29 v1.2d
\pmbraise@=\dimen106
)
(/usr/share/texlive/texmf-dist/tex/latex/amsmath/amsopn.sty
Package: amsopn 1999/12/14 v2.01 operator names
)
\inf@bad=\count88
LaTeX Info: Redefining \frac on input line 210.
\uproot@=\count89
\leftroot@=\count90
LaTeX Info: Redefining \overline on input line 306.
\classnum@=\count91
\DOTSCASE@=\count92
LaTeX Info: Redefining \ldots on input line 378.
LaTeX Info: Redefining \dots on input line 381.
LaTeX Info: Redefining \cdots on input line 466.
\Mathstrutbox@=\box26
\strutbox@=\box27
\big@size=\dimen107
LaTeX Font Info:    Redeclaring font encoding OML on input line 566.
LaTeX Font Info:    Redeclaring font encoding OMS on input line 567.
\macc@depth=\count93
\c@MaxMatrixCols=\count94
\dotsspace@=\muskip10
\c@parentequation=\count95
\dspbrk@lvl=\count96
\tag@help=\toks17
\row@=\count97
\column@=\count98
\maxfields@=\count99
\andhelp@=\toks18
\eqnshift@=\dimen108
\alignsep@=\dimen109
\tagshift@=\dimen110
\tagwidth@=\dimen111
\totwidth@=\dimen112
\lineht@=\dimen113
\@envbody=\toks19
\multlinegap=\skip53
\multlinetaggap=\skip54
\mathdisplay@stack=\toks20
LaTeX Info: Redefining \[ on input line 2665.
LaTeX Info: Redefining \] on input line 2666.
)
(/usr/share/texlive/texmf-dist/tex/latex/amsfonts/amsfonts.sty
Package: amsfonts 2013/01/14 v3.01 Basic AMSFonts support
\symAMSa=\mathgroup4
\symAMSb=\mathgroup5
LaTeX Font Info:    Overwriting math alphabet `\mathfrak' in version `bold'
(Font)                  U/euf/m/n --> U/euf/b/n on input line 106.
)
(/usr/share/texlive/texmf-dist/tex/latex/amsfonts/amssymb.sty
Package: amssymb 2013/01/14 v3.01 AMS font symbols
)
(/usr/share/texlive/texmf-dist/tex/latex/amsmath/amscd.sty
Package: amscd 1999/11/29 v2.0
\athelp@=\toks21
\minaw@=\dimen114
\bigaw@=\dimen115
\minCDarrowwidth=\dimen116
)
(/usr/share/texlive/texmf-dist/tex/latex/amscls/amsthm.sty
Package: amsthm 2004/08/06 v2.20
\thm@style=\toks22
\thm@bodyfont=\toks23
\thm@headfont=\toks24
\thm@notefont=\toks25
\thm@headpunct=\toks26
\thm@preskip=\skip55
\thm@postskip=\skip56
\thm@headsep=\skip57
\dth@everypar=\toks27
)
(/usr/share/texlive/texmf-dist/tex/latex/tools/xspace.sty
Package: xspace 2009/10/20 v1.13 Space after command names (DPC,MH)
)
\c@example=\count100
\c@theorem=\count101

(/usr/share/texlive/texmf-dist/tex/latex/caption/caption.sty
Package: caption 2013/05/02 v3.3-89 Customizing captions (AR)

(/usr/share/texlive/texmf-dist/tex/latex/caption/caption3.sty
Package: caption3 2013/05/02 v1.6-88 caption3 kernel (AR)
Package caption3 Info: TeX engine: e-TeX on input line 57.

(/usr/share/texlive/texmf-dist/tex/latex/graphics/keyval.sty
Package: keyval 1999/03/16 v1.13 key=value parser (DPC)
\KV@toks@=\toks28
)
\captionmargin=\dimen117
\captionmargin@=\dimen118
\captionwidth=\dimen119
\caption@tempdima=\dimen120
\caption@indent=\dimen121
\caption@parindent=\dimen122
\caption@hangindent=\dimen123
)
\c@ContinuedFloat=\count102
)
(/usr/share/texlive/texmf-dist/tex/latex/graphics/graphicx.sty
Package: graphicx 1999/02/16 v1.0f Enhanced LaTeX Graphics (DPC,SPQR)

(/usr/share/texlive/texmf-dist/tex/latex/graphics/graphics.sty
Package: graphics 2009/02/05 v1.0o Standard LaTeX Graphics (DPC,SPQR)

(/usr/share/texlive/texmf-dist/tex/latex/graphics/trig.sty
Package: trig 1999/03/16 v1.09 sin cos tan (DPC)
)
(/usr/share/texlive/texmf-dist/tex/latex/latexconfig/graphics.cfg
File: graphics.cfg 2010/04/23 v1.9 graphics configuration of TeX Live
)
Package graphics Info: Driver file: pdftex.def on input line 91.

(/usr/share/texlive/texmf-dist/tex/latex/pdftex-def/pdftex.def
File: pdftex.def 2011/05/27 v0.06d Graphics/color for pdfTeX

(/usr/share/texlive/texmf-dist/tex/generic/oberdiek/infwarerr.sty
Package: infwarerr 2010/04/08 v1.3 Providing info/warning/error messages (HO)
)
(/usr/share/texlive/texmf-dist/tex/generic/oberdiek/ltxcmds.sty
Package: ltxcmds 2011/11/09 v1.22 LaTeX kernel commands for general use (HO)
)
\Gread@gobject=\count103
))
\Gin@req@height=\dimen124
\Gin@req@width=\dimen125
)
(/usr/share/texlive/texmf-dist/tex/latex/oberdiek/epstopdf.sty
Package: epstopdf 2010/02/09 v2.5 Conversion with epstopdf on the fly (HO)

(/usr/share/texlive/texmf-dist/tex/latex/oberdiek/epstopdf-base.sty
Package: epstopdf-base 2010/02/09 v2.5 Base part for package epstopdf

(/usr/share/texlive/texmf-dist/tex/latex/oberdiek/grfext.sty
Package: grfext 2010/08/19 v1.1 Manage graphics extensions (HO)

(/usr/share/texlive/texmf-dist/tex/generic/oberdiek/kvdefinekeys.sty
Package: kvdefinekeys 2011/04/07 v1.3 Define keys (HO)
))
(/usr/share/texlive/texmf-dist/tex/latex/oberdiek/kvoptions.sty
Package: kvoptions 2011/06/30 v3.11 Key value format for package options (HO)

(/usr/share/texlive/texmf-dist/tex/generic/oberdiek/kvsetkeys.sty
Package: kvsetkeys 2012/04/25 v1.16 Key value parser (HO)

(/usr/share/texlive/texmf-dist/tex/generic/oberdiek/etexcmds.sty
Package: etexcmds 2011/02/16 v1.5 Avoid name clashes with e-TeX commands (HO)

(/usr/share/texlive/texmf-dist/tex/generic/oberdiek/ifluatex.sty
Package: ifluatex 2010/03/01 v1.3 Provides the ifluatex switch (HO)
Package ifluatex Info: LuaTeX not detected.
)
Package etexcmds Info: Could not find \expanded.
(etexcmds)             That can mean that you are not using pdfTeX 1.50 or
(etexcmds)             that some package has redefined \expanded.
(etexcmds)             In the latter case, load this package earlier.
)))
(/usr/share/texlive/texmf-dist/tex/generic/oberdiek/pdftexcmds.sty
Package: pdftexcmds 2011/11/29 v0.20 Utility functions of pdfTeX for LuaTeX (HO
)

(/usr/share/texlive/texmf-dist/tex/generic/oberdiek/ifpdf.sty
Package: ifpdf 2011/01/30 v2.3 Provides the ifpdf switch (HO)
Package ifpdf Info: pdfTeX in PDF mode is detected.
)
Package pdftexcmds Info: LuaTeX not detected.
Package pdftexcmds Info: \pdf@primitive is available.
Package pdftexcmds Info: \pdf@ifprimitive is available.
Package pdftexcmds Info: \pdfdraftmode found.
)
Package grfext Info: Graphics extension search list:
(grfext)             [.png,.pdf,.jpg,.mps,.jpeg,.jbig2,.jb2,.PNG,.PDF,.JPG,.JPE
G,.JBIG2,.JB2,.eps]
(grfext)             \AppendGraphicsExtensions on input line 452.

(/usr/share/texlive/texmf-dist/tex/latex/latexconfig/epstopdf-sys.cfg
File: epstopdf-sys.cfg 2010/07/13 v1.3 Configuration of (r)epstopdf for TeX Liv
e
)))
(/usr/share/texlive/texmf-dist/tex/latex/subfigure/subfigure.sty
Package: subfigure 2002/03/15 v2.1.5 subfigure package
\subfigtopskip=\skip58
\subfigcapskip=\skip59
\subfigcaptopadj=\dimen126
\subfigbottomskip=\skip60
\subfigcapmargin=\dimen127
\subfiglabelskip=\skip61
\c@subfigure=\count104
\c@lofdepth=\count105
\c@subtable=\count106
\c@lotdepth=\count107

****************************************
* Local config file subfigure.cfg used *
****************************************
(/usr/share/texlive/texmf-dist/tex/latex/subfigure/subfigure.cfg)
\subfig@top=\skip62
\subfig@bottom=\skip63
)
(/usr/share/texlive/texmf-dist/tex/latex/booktabs/booktabs.sty
Package: booktabs 2005/04/14 v1.61803 publication quality tables
\heavyrulewidth=\dimen128
\lightrulewidth=\dimen129
\cmidrulewidth=\dimen130
\belowrulesep=\dimen131
\belowbottomsep=\dimen132
\aboverulesep=\dimen133
\abovetopsep=\dimen134
\cmidrulesep=\dimen135
\cmidrulekern=\dimen136
\defaultaddspace=\dimen137
\@cmidla=\count108
\@cmidlb=\count109
\@aboverulesep=\dimen138
\@belowrulesep=\dimen139
\@thisruleclass=\count110
\@lastruleclass=\count111
\@thisrulewidth=\dimen140
)
(/usr/share/texlive/texmf-dist/tex/latex/rotating/rotating.sty
Package: rotating 2009/03/28 v2.16a rotated objects in LaTeX

(/usr/share/texlive/texmf-dist/tex/latex/base/ifthen.sty
Package: ifthen 2001/05/26 v1.1c Standard LaTeX ifthen package (DPC)
)
\c@r@tfl@t=\count112
\rotFPtop=\skip64
\rotFPbot=\skip65
\rot@float@box=\box28
\rot@mess@toks=\toks29
)
(/usr/share/texlive/texmf-dist/tex/latex/listings/listings.sty
\lst@mode=\count113
\lst@gtempboxa=\box29
\lst@token=\toks30
\lst@length=\count114
\lst@currlwidth=\dimen141
\lst@column=\count115
\lst@pos=\count116
\lst@lostspace=\dimen142
\lst@width=\dimen143
\lst@newlines=\count117
\lst@lineno=\count118
\lst@maxwidth=\dimen144
 (./lstpatch.sty

***
*** This is a patch for listings 1.3, but you're using
*** version 1.5b.
***
*** Patch file not loaded.
***

) (/usr/share/texlive/texmf-dist/tex/latex/listings/lstmisc.sty
File: lstmisc.sty 2013/08/26 1.5b (Carsten Heinz)
\c@lstnumber=\count119
\lst@skipnumbers=\count120
\lst@framebox=\box30
)
(/usr/share/texlive/texmf-dist/tex/latex/listings/listings.cfg
File: listings.cfg 2013/08/26 1.5b listings configuration
))
Package: listings 2013/08/26 1.5b (Carsten Heinz)

(./lstpatch.sty

***
*** This is a patch for listings 1.3, but you're using
*** version 1.5b.
***
 *** Patch file not loaded.
***

) (/usr/share/texlive/texmf-dist/tex/latex/hyperref/hyperref.sty
Package: hyperref 2012/11/06 v6.83m Hypertext links for LaTeX

(/usr/share/texlive/texmf-dist/tex/generic/oberdiek/hobsub-hyperref.sty
Package: hobsub-hyperref 2012/05/28 v1.13 Bundle oberdiek, subset hyperref (HO)


(/usr/share/texlive/texmf-dist/tex/generic/oberdiek/hobsub-generic.sty
Package: hobsub-generic 2012/05/28 v1.13 Bundle oberdiek, subset generic (HO)
Package: hobsub 2012/05/28 v1.13 Construct package bundles (HO)
Package hobsub Info: Skipping package `infwarerr' (already loaded).
Package hobsub Info: Skipping package `ltxcmds' (already loaded).
Package hobsub Info: Skipping package `ifluatex' (already loaded).
Package: ifvtex 2010/03/01 v1.5 Detect VTeX and its facilities (HO)
Package ifvtex Info: VTeX not detected.
Package: intcalc 2007/09/27 v1.1 Expandable calculations with integers (HO)
Package hobsub Info: Skipping package `ifpdf' (already loaded).
Package hobsub Info: Skipping package `etexcmds' (already loaded).
Package hobsub Info: Skipping package `kvsetkeys' (already loaded).
Package hobsub Info: Skipping package `kvdefinekeys' (already loaded).
Package hobsub Info: Skipping package `pdftexcmds' (already loaded).
Package: pdfescape 2011/11/25 v1.13 Implements pdfTeX's escape features (HO)
Package: bigintcalc 2012/04/08 v1.3 Expandable calculations on big integers (HO
)
Package: bitset 2011/01/30 v1.1 Handle bit-vector datatype (HO)
Package: uniquecounter 2011/01/30 v1.2 Provide unlimited unique counter (HO)
)
Package hobsub Info: Skipping package `hobsub' (already loaded).
Package: letltxmacro 2010/09/02 v1.4 Let assignment for LaTeX macros (HO)
Package: hopatch 2012/05/28 v1.2 Wrapper for package hooks (HO)
Package: xcolor-patch 2011/01/30 xcolor patch
Package: atveryend 2011/06/30 v1.8 Hooks at the very end of document (HO)
Package atveryend Info: \enddocument detected (standard20110627).
Package: atbegshi 2011/10/05 v1.16 At begin shipout hook (HO)
Package: refcount 2011/10/16 v3.4 Data extraction from label references (HO)
Package: hycolor 2011/01/30 v1.7 Color options for hyperref/bookmark (HO)
)
(/usr/share/texlive/texmf-dist/tex/generic/ifxetex/ifxetex.sty
Package: ifxetex 2010/09/12 v0.6 Provides ifxetex conditional
)
(/usr/share/texlive/texmf-dist/tex/latex/oberdiek/auxhook.sty
Package: auxhook 2011/03/04 v1.3 Hooks for auxiliary files (HO)
)
\@linkdim=\dimen145
\Hy@linkcounter=\count121
\Hy@pagecounter=\count122

(/usr/share/texlive/texmf-dist/tex/latex/hyperref/pd1enc.def
File: pd1enc.def 2012/11/06 v6.83m Hyperref: PDFDocEncoding definition (HO)
Now handling font encoding PD1 ...
... no UTF-8 mapping file for font encoding PD1
)
\Hy@SavedSpaceFactor=\count123

(/usr/share/texlive/texmf-dist/tex/latex/latexconfig/hyperref.cfg
File: hyperref.cfg 2002/06/06 v1.2 hyperref configuration of TeXLive
)
Package hyperref Info: Option `bookmarks' set `true' on input line 4319.
Package hyperref Info: Option `bookmarksopen' set `true' on input line 4319.
Package hyperref Info: Option `bookmarksnumbered' set `true' on input line 4319
.
Package hyperref Info: Option `hypertexnames' set `false' on input line 4319.
Package hyperref Info: Option `colorlinks' set `true' on input line 4319.
Package hyperref Info: Option `unicode' set `true' on input line 4319.

(/usr/share/texlive/texmf-dist/tex/latex/hyperref/puenc.def
File: puenc.def 2012/11/06 v6.83m Hyperref: PDF Unicode definition (HO)
Now handling font encoding PU ...
... no UTF-8 mapping file for font encoding PU
)
Package hyperref Info: Option `breaklinks' set `true' on input line 4319.
Package hyperref Info: Hyper figures OFF on input line 4443.
Package hyperref Info: Link nesting OFF on input line 4448.
Package hyperref Info: Hyper index ON on input line 4451.
Package hyperref Info: Plain pages OFF on input line 4458.
Package hyperref Info: Backreferencing OFF on input line 4463.
Package hyperref Info: Implicit mode ON; LaTeX internals redefined.
Package hyperref Info: Bookmarks ON on input line 4688.
\c@Hy@tempcnt=\count124

(/usr/share/texlive/texmf-dist/tex/latex/url/url.sty
\Urlmuskip=\muskip11
Package: url 2006/04/12  ver 3.3  Verb mode for urls, etc.
)
LaTeX Info: Redefining \url on input line 5041.
\XeTeXLinkMargin=\dimen146
\Fld@menulength=\count125
\Field@Width=\dimen147
\Fld@charsize=\dimen148
Package hyperref Info: Hyper figures OFF on input line 6295.
Package hyperref Info: Link nesting OFF on input line 6300.
Package hyperref Info: Hyper index ON on input line 6303.
Package hyperref Info: backreferencing OFF on input line 6310.
Package hyperref Info: Link coloring ON on input line 6313.
Package hyperref Info: Link coloring with OCG OFF on input line 6320.
Package hyperref Info: PDF/A mode OFF on input line 6325.
LaTeX Info: Redefining \ref on input line 6365.
LaTeX Info: Redefining \pageref on input line 6369.
\Hy@abspage=\count126
\c@Item=\count127
\c@Hfootnote=\count128
)

Package hyperref Message: Driver (autodetected): hpdftex.

(/usr/share/texlive/texmf-dist/tex/latex/hyperref/hpdftex.def
File: hpdftex.def 2012/11/06 v6.83m Hyperref driver for pdfTeX
\Fld@listcount=\count129
\c@bookmark@seq@number=\count130

(/usr/share/texlive/texmf-dist/tex/latex/oberdiek/rerunfilecheck.sty
Package: rerunfilecheck 2011/04/15 v1.7 Rerun checks for auxiliary files (HO)
Package uniquecounter Info: New unique counter `rerunfilecheck' on input line 2
82.
)
\Hy@SectionHShift=\skip66
)
\c@dummy=\count131

(/usr/share/texlive/texmf-dist/tex/latex/tools/longtable.sty
Package: longtable 2004/02/01 v4.11 Multi-page Table package (DPC)
\LTleft=\skip67
\LTright=\skip68
\LTpre=\skip69
\LTpost=\skip70
\LTchunksize=\count132
\LTcapwidth=\dimen149
\LT@head=\box31
\LT@firsthead=\box32
\LT@foot=\box33
\LT@lastfoot=\box34
\LT@cols=\count133
\LT@rows=\count134
\c@LT@tables=\count135
\c@LT@chunks=\count136
\LT@p@ftn=\toks31
))
(/usr/share/texlive/texmf-dist/tex/latex/natbib/natbib.sty
Package: natbib 2010/09/13 8.31b (PWD, AO)
\bibhang=\skip71
\bibsep=\skip72
LaTeX Info: Redefining \cite on input line 694.
\c@NAT@ctr=\count137
)
(/usr/share/texlive/texmf-dist/tex/latex/csvsimple/csvsimple.sty
Package: csvsimple 2013/09/25 version 1.07 LaTeX CSV file processing

(/usr/share/texlive/texmf-dist/tex/latex/pgf/utilities/pgfkeys.sty
(/usr/share/texlive/texmf-dist/tex/generic/pgf/utilities/pgfkeys.code.tex
\pgfkeys@pathtoks=\toks32
\pgfkeys@temptoks=\toks33

(/usr/share/texlive/texmf-dist/tex/generic/pgf/utilities/pgfkeysfiltered.code.t
ex
\pgfkeys@tmptoks=\toks34
)))
\csv@file=\read1
\c@csvinputline=\count138
\c@csvrow=\count139
\c@csvcol=\count140
) (/usr/share/texlive/texmf-dist/tex/latex/graphics/color.sty
Package: color 2005/11/14 v1.0j Standard LaTeX Color (DPC)

(/usr/share/texlive/texmf-dist/tex/latex/latexconfig/color.cfg
File: color.cfg 2007/01/18 v1.5 color configuration of teTeX/TeXLive
)
Package color Info: Driver file: pdftex.def on input line 130.
)
(/usr/share/texlive/texmf-dist/tex/latex/wrapfig/wrapfig.sty
\wrapoverhang=\dimen150
\WF@size=\dimen151
\c@WF@wrappedlines=\count141
\WF@box=\box35
\WF@everypar=\toks35
Package: wrapfig 2003/01/31  v 3.6
)
(/usr/share/texlive/texmf-dist/tex/latex/enumitem/enumitem.sty
Package: enumitem 2011/09/28 v3.5.2 Customized lists
\labelindent=\skip73
\enit@outerparindent=\dimen152
\enit@toks=\toks36
\enit@inbox=\box36
\enitdp@description=\count142
)
Package hyperref Info: Option `colorlinks' set `true' on input line 43.
 (./main.aux

! Package natbib Error: Bibliography not compatible with author-year citations.

(natbib)                Press <return> to continue in numerical citation style.


See the natbib package documentation for explanation.
Type  H <return>  for immediate help.
 ...                                              
                                                  
l.200 ...and\NAT@force@numbers{}\NAT@force@numbers
                                                  
Check the bibliography entries for non-compliant syntax,
or select author-year BibTeX style, e.g. plainnat

)
\openout1 = `main.aux'.

LaTeX Font Info:    Checking defaults for OML/cmm/m/it on input line 45.
LaTeX Font Info:    ... okay on input line 45.
LaTeX Font Info:    Checking defaults for T1/cmr/m/n on input line 45.
LaTeX Font Info:    ... okay on input line 45.
LaTeX Font Info:    Checking defaults for OT1/cmr/m/n on input line 45.
LaTeX Font Info:    ... okay on input line 45.
LaTeX Font Info:    Checking defaults for OMS/cmsy/m/n on input line 45.
LaTeX Font Info:    ... okay on input line 45.
LaTeX Font Info:    Checking defaults for OMX/cmex/m/n on input line 45.
LaTeX Font Info:    ... okay on input line 45.
LaTeX Font Info:    Checking defaults for U/cmr/m/n on input line 45.
LaTeX Font Info:    ... okay on input line 45.
LaTeX Font Info:    Checking defaults for PD1/pdf/m/n on input line 45.
LaTeX Font Info:    ... okay on input line 45.
LaTeX Font Info:    Checking defaults for PU/pdf/m/n on input line 45.
LaTeX Font Info:    ... okay on input line 45.
Package caption Info: Begin \AtBeginDocument code.
Package caption Info: hyperref package is loaded.
Package caption Info: listings package is loaded.
Package caption Info: longtable package is loaded.
 (/usr/share/texlive/texmf-dist/tex/latex/caption/ltcaption.sty
Package: ltcaption 2013/02/03 v1.3-62 longtable captions (AR)
)
Package caption Info: rotating package is loaded.
Package caption Info: subfigure package is loaded.
Package caption Info: wrapfig package is loaded.
Package caption Info: End \AtBeginDocument code.

(/usr/share/texlive/texmf-dist/tex/context/base/supp-pdf.mkii
[Loading MPS to PDF converter (version 2006.09.02).]
\scratchcounter=\count143
\scratchdimen=\dimen153
\scratchbox=\box37
\nofMPsegments=\count144
\nofMParguments=\count145
\everyMPshowfont=\toks37
\MPscratchCnt=\count146
\MPscratchDim=\dimen154
\MPnumerator=\count147
\makeMPintoPDFobject=\count148
\everyMPtoPDFconversion=\toks38
)
\c@lstlisting=\count149
\AtBeginShipoutBox=\box38
Package hyperref Info: Link coloring ON on input line 45.
 (/usr/share/texlive/texmf-dist/tex/latex/hyperref/nameref.sty
Package: nameref 2012/10/27 v2.43 Cross-referencing by name of section

(/usr/share/texlive/texmf-dist/tex/generic/oberdiek/gettitlestring.sty
Package: gettitlestring 2010/12/03 v1.4 Cleanup title references (HO)
)
\c@section@level=\count150
)
LaTeX Info: Redefining \ref on input line 45.
LaTeX Info: Redefining \pageref on input line 45.
LaTeX Info: Redefining \nameref on input line 45.

(./main.out) (./main.out)
\@outlinefile=\write3
\openout3 = `main.out'.

LaTeX Font Info:    Try loading font information for U+msa on input line 89.

(/usr/share/texlive/texmf-dist/tex/latex/amsfonts/umsa.fd
File: umsa.fd 2013/01/14 v3.01 AMS symbols A
)
LaTeX Font Info:    Try loading font information for U+msb on input line 89.

(/usr/share/texlive/texmf-dist/tex/latex/amsfonts/umsb.fd
File: umsb.fd 2013/01/14 v3.01 AMS symbols B
) [1



{/usr/share/texlive/texmf-dist/fonts/map/pdftex/updmap/pdftex.map}] [1

]
------------------------------------------------------------------------------
 Abstract Page
------------------------------------------------------------------------------

Overfull \hbox (2.35858pt too wide) in paragraph at lines 157--158
\OT1/cmr/m/n/10.95 mazione per un de-ter-mi-nato dis-pos-i-tivo e sis-tema op-e
r-a-tivo. Ci^^Ro pu^^Ro fornire le prestazioni
 []

[2

] [3]
------------------------------------------------------------------------------
 Ringraziamenti
------------------------------------------------------------------------------
[4

]
------------------------------------------------------------------------------
 Table of Contents
------------------------------------------------------------------------------
(./main.toc [5


])
\tf@toc=\write4
\openout4 = `main.toc'.

 [6]
------------------------------------------------------------------------------
 Elenco delle Figure
------------------------------------------------------------------------------
(./main.lof)
\tf@lof=\write5
\openout5 = `main.lof'.

 [7


]
------------------------------------------------------------------------------
 Elenco delle Tabelle
------------------------------------------------------------------------------
(./main.lot)
\tf@lot=\write6
\openout6 = `main.lot'.

 [8


]
------------------------------------------------------------------------------
 Table of Contents
------------------------------------------------------------------------------
(./main.lol)
\tf@lol=\write7
\openout7 = `main.lol'.

 [9


] (./Chapters/Chapter1.tex
Chapter 1.
------------------------------------------------------------------------------
 1 Stato dell'arte
------------------------------------------------------------------------------
[1



]
LaTeX Font Info:    Try loading font information for OMS+cmr on input line 34.
 (/usr/share/texlive/texmf-dist/tex/latex/base/omscmr.fd
File: omscmr.fd 1999/05/25 v2.5h Standard LaTeX font definitions
)
LaTeX Font Info:    Font shape `OMS/cmr/m/n' in size <10.95> not available
(Font)              Font shape `OMS/cmsy/m/n' tried instead on input line 34.
 [2] [3] [4]
[5] <Figures/exampleCordova.png, id=427, 474.27188pt x 269.50688pt>
File: Figures/exampleCordova.png Graphic file (type png)

<use Figures/exampleCordova.png>
Package pdftex.def Info: Figures/exampleCordova.png used on input line 91.
(pdftex.def)             Requested size: 355.70303pt x 202.12965pt.
 [6]
Overfull \hbox (8.76826pt too wide) in paragraph at lines 106--108
\OT1/cmr/m/it/10.95 In in-for-mat-ica, e spec-i-fi-cata-mente nello sviluppo so
ft-ware, un \OT1/cmr/bx/it/10.95 frame-work \OT1/cmr/m/it/10.95 ^^Re un'archite
ttura
 []

[7 <./Figures/exampleCordova.png (PNG copy)>]
<Figures/javascript-ui-framework.png, id=444, 519.44063pt x 393.72093pt>
File: Figures/javascript-ui-framework.png Graphic file (type png)

<use Figures/javascript-ui-framework.png>
Package pdftex.def Info: Figures/javascript-ui-framework.png used on input line
 121.
(pdftex.def)             Requested size: 311.66678pt x 236.23438pt.
 [8]
<Figures/html-hybrid-tools.png, id=452, 518.6878pt x 420.82219pt>
File: Figures/html-hybrid-tools.png Graphic file (type png)

<use Figures/html-hybrid-tools.png>
Package pdftex.def Info: Figures/html-hybrid-tools.png used on input line 136.
(pdftex.def)             Requested size: 311.21509pt x 252.49525pt.
 [9 <./Figures/javascript-ui-framework.png>] <Figures/x-to-native-converters.pn
g, id=458, 401.24907pt x 469.755pt>
File: Figures/x-to-native-converters.png Graphic file (type png)

<use Figures/x-to-native-converters.png>
Package pdftex.def Info: Figures/x-to-native-converters.png used on input line 
148.
(pdftex.def)             Requested size: 300.93605pt x 352.31538pt.

Overfull \hbox (2.17607pt too wide) in paragraph at lines 155--156
\OT1/cmr/m/n/10.95 o di-ret-ta-mente al lin-guag-gio macchina di basso liv-ello
 (lin-guag-gio as-sem-bly). Source
 []

[10 <./Figures/html-hybrid-tools.png>] [11 <./Figures/x-to-native-converters.pn
g>] [12] [13]) (./Chapters/Chapter2.tex [14]
Chapter 2.
------------------------------------------------------------------------------
 2 Metodi e Modelli per lo sviluppo di applicazioni Mobile
------------------------------------------------------------------------------

Underfull \hbox (badness 10000) in paragraph at lines 5--6

 []


Underfull \hbox (badness 10000) in paragraph at lines 7--8

 []

[15

]
Overfull \hbox (4.64995pt too wide) in paragraph at lines 18--19
\OT1/cmr/m/n/10.95 dove deb-bano stare de-ter-mi-nati com-piti / op-er-azioni /
 sezioni all'interno dell'applicazione.
 []


Overfull \hbox (3.91942pt too wide) in paragraph at lines 23--24
\OT1/cmr/m/n/10.95 dell'applicazione \OT1/cmtt/m/n/10.95 frontend\OT1/cmr/m/n/1
0.95 (in ital-iano parte da-vanti) de-nota quella parte dell'applicazione
 []


Underfull \hbox (badness 10000) in paragraph at lines 23--24

 []

[16]
Underfull \hbox (badness 10000) in paragraph at lines 25--26

 []


Underfull \hbox (badness 10000) in paragraph at lines 27--28

 []


Underfull \hbox (badness 10000) in paragraph at lines 31--32

 []

[17]
Underfull \hbox (badness 10000) in paragraph at lines 38--39

 []

<Figures/mvc.png, id=503, 220.825pt x 241.90375pt>
File: Figures/mvc.png Graphic file (type png)
 <use Figures/mvc.png>
Package pdftex.def Info: Figures/mvc.png used on input line 51.
(pdftex.def)             Requested size: 165.61833pt x 181.42735pt.

[18]

LaTeX Warning: Reference `sec:AngularJS' on page 19 undefined on input line 66.


<Figures/mvvm-1.jpeg, id=512, 363.3575pt x 139.52126pt>
File: Figures/mvvm-1.jpeg Graphic file (type jpg)

<use Figures/mvvm-1.jpeg>
Package pdftex.def Info: Figures/mvvm-1.jpeg used on input line 77.
(pdftex.def)             Requested size: 272.51744pt x 104.64067pt.

Overfull \hbox (46.53374pt too wide) in paragraph at lines 85--86
\OT1/cmr/m/n/10.95 View-Model sono man-tenuti da al-tri svilup-pa-tori che la-v
o-rano sulla log-ica dell'applicazione(business
 []

[19 <./Figures/mvc.png>]
Overfull \hbox (2.27626pt too wide) in paragraph at lines 98--99
\OT1/cmr/m/n/10.95 del pro-to-collo HTTP 1.1) nella sua tesi di dot-torato per 
de-scri-vere lo stile dell'architettura
 []

[20 <./Figures/mvvm-1.jpeg>]
Overfull \hbox (0.61188pt too wide) in paragraph at lines 114--115
\OT1/cmr/m/n/10.95 fet-tuare 4 op-er-azioni base creazione, let-tura, ag-gior-n
a-mento, can-cel-lazione (\OT1/cmr/m/it/10.95 CRUD\OT1/cmr/m/n/10.95 :
 []

[21] [22] [23]
Overfull \hbox (7.14377pt too wide) in paragraph at lines 190--191
\OT1/cmr/m/n/10.95 uti-liz-zati sono JSON(\OT1/cmr/bx/n/10.95 J\OT1/cmr/m/n/10.
95 ava\OT1/cmr/bx/n/10.95 S\OT1/cmr/m/n/10.95 cript \OT1/cmr/bx/n/10.95 O\OT1/c
mr/m/n/10.95 bject \OT1/cmr/bx/n/10.95 N\OT1/cmr/m/n/10.95 otation) e XML(e\OT1
/cmr/bx/n/10.95 X\OT1/cmr/m/n/10.95 tensible \OT1/cmr/bx/n/10.95 M\OT1/cmr/m/n/
10.95 arkup \OT1/cmr/bx/n/10.95 L\OT1/cmr/m/n/10.95 anguage)
 []

[24] [25]

LaTeX Warning: Reference `lst:jsonmustache' on page 26 undefined on input line 
246.

[26]) (./Chapters/Chapter3.tex [27]
Chapter 3.
------------------------------------------------------------------------------
 3 Case Study: L'approccio ibrido con tecnologie web
------------------------------------------------------------------------------

Underfull \hbox (badness 10000) in paragraph at lines 4--9

 []

[28

] <Figures/sass-logo.png, id=636, 513.92pt x 385.44pt>
File: Figures/sass-logo.png Graphic file (type png)

<use Figures/sass-logo.png>
Package pdftex.def Info: Figures/sass-logo.png used on input line 28.
(pdftex.def)             Requested size: 128.47968pt x 96.35976pt.

<Figures/less-logo.png, id=637, 199.74625pt x 81.30376pt>
File: Figures/less-logo.png Graphic file (type png)

<use Figures/less-logo.png>
Package pdftex.def Info: Figures/less-logo.png used on input line 29.
(pdftex.def)             Requested size: 149.80931pt x 60.97765pt.
 [29 <./Figures/sass-logo.png> <./Figures/less-logo.png>] <Figures/angular-logo
.png, id=646, 284.06125pt x 300.12125pt>
File: Figures/angular-logo.png Graphic file (type png)

<use Figures/angular-logo.png>
Package pdftex.def Info: Figures/angular-logo.png used on input line 46.
(pdftex.def)             Requested size: 113.62247pt x 120.04637pt.

Overfull \hbox (7.2256pt too wide) in paragraph at lines 55--57
[] []\OT1/cmr/bx/n/10.95 Definizione \OT1/cmr/m/n/10.95 An-gu-larJS ^^Re un fra
me-work Javascript
 []

[30 <./Figures/angular-logo.png>]
<Figures/one-way-data-binding.png, id=656, 401.5pt x 255.95625pt>
File: Figures/one-way-data-binding.png Graphic file (type png)

<use Figures/one-way-data-binding.png>
Package pdftex.def Info: Figures/one-way-data-binding.png used on input line 69
.
(pdftex.def)             Requested size: 200.7495pt x 127.9778pt.

<Figures/two-way-data-binding.png, id=657, 401.5pt x 291.0875pt>
File: Figures/two-way-data-binding.png Graphic file (type png)

<use Figures/two-way-data-binding.png>
Package pdftex.def Info: Figures/two-way-data-binding.png used on input line 70
.
(pdftex.def)             Requested size: 200.7495pt x 145.54338pt.
LaTeX Font Info:    Font shape `OMS/cmr/m/it' in size <10.95> not available
(Font)              Font shape `OMS/cmsy/m/n' tried instead on input line 76.
 [31 <./Figures/one-way-data-binding.png> <./Figures/two-way-data-binding.png>]

Overfull \hbox (37.37743pt too wide) in paragraph at lines 101--103
[]\OT1/cmr/m/n/10.95 per una trat-tazione gen-erale dell'argomento ri-man-di-am
o all'appendice
 []

[32]
<Figures/angularjs-service-singleton-diagram.png, id=676, 334.24875pt x 303.132
5pt>
File: Figures/angularjs-service-singleton-diagram.png Graphic file (type png)
 <use Figures/angularjs-service-singleton-diagram.png>
Package pdftex.def Info: Figures/angularjs-service-singleton-diagram.png used o
n input line 140.
(pdftex.def)             Requested size: 250.68594pt x 227.34882pt.
 [33]
(/usr/share/texlive/texmf-dist/tex/latex/listings/lstlang1.sty
File: lstlang1.sty 2013/08/26 1.5b listings language file
)
(/usr/share/texlive/texmf-dist/tex/latex/listings/lstmisc.sty
File: lstmisc.sty 2013/08/26 1.5b (Carsten Heinz)
)
LaTeX Font Info:    Font shape `OT1/cmtt/bx/n' in size <8> not available
(Font)              Font shape `OT1/cmtt/m/n' tried instead on input line 156.
 [34 <./Figures/angularjs-service-singleton-diagram.png>]
<Figures/ionic-logo.png, id=718, 370.61539pt x 411.38307pt>
File: Figures/ionic-logo.png Graphic file (type png)

<use Figures/ionic-logo.png>
Package pdftex.def Info: Figures/ionic-logo.png used on input line 195.
(pdftex.def)             Requested size: 129.71732pt x 143.98622pt.
 [35 <./Figures/ionic-logo.png>]
Overfull \hbox (3.16705pt too wide) in paragraph at lines 213--214
[]\OT1/cmr/m/n/10.95 IONIC prevede un set di icone stan-dard che pos-sono es-se
re uti-liz-zate all'interno
 []


Overfull \hbox (6.12709pt too wide) in paragraph at lines 224--225
[]\OT1/cmr/m/n/10.95 Si in-te-gra al meglio con An-gu-larJS gra-zie ad una li-b
re-ria chia-mata \OT1/cmr/m/it/10.95 ng-cordova\OT1/cmr/m/n/10.95 ([][]3.2.2[][
]). 
 []

[36] <Figures/cordova-logo.png, id=739, 321.2pt x 333.245pt>
File: Figures/cordova-logo.png Graphic file (type png)

<use Figures/cordova-logo.png>
Package pdftex.def Info: Figures/cordova-logo.png used on input line 232.
(pdftex.def)             Requested size: 112.42168pt x 116.63748pt.
 [37 <./Figures/cordova-logo.png>]
<Figures/cordova_schema.png, id=749, 611.28375pt x 481.8pt>
File: Figures/cordova_schema.png Graphic file (type png)

<use Figures/cordova_schema.png>
Package pdftex.def Info: Figures/cordova_schema.png used on input line 256.
(pdftex.def)             Requested size: 397.32973pt x 313.16628pt.

<Figures/ngcordova-logo.png, id=750, 421.575pt x 421.575pt>
File: Figures/ngcordova-logo.png Graphic file (type png)

<use Figures/ngcordova-logo.png>
Package pdftex.def Info: Figures/ngcordova-logo.png used on input line 268.
(pdftex.def)             Requested size: 147.55345pt x 147.55345pt.

Underfull \hbox (badness 10000) in paragraph at lines 276--277

 []

<Figures/ngcordova-plugins.png, id=751, 542.025pt x 530.73282pt>
File: Figures/ngcordova-plugins.png Graphic file (type png)

<use Figures/ngcordova-plugins.png>
Package pdftex.def Info: Figures/ngcordova-plugins.png used on input line 280.
(pdftex.def)             Requested size: 357.7376pt x 350.28474pt.


LaTeX Warning: `!h' float specifier changed to `!ht'.

[38 <./Figures/cordova_schema.png (PNG copy)> <./Figures/ngcordova-logo.png>]
Underfull \hbox (badness 10000) in paragraph at lines 295--296

 []

[39 <./Figures/ngcordova-plugins.png>]
<Figures/grunt-logo.png, id=767, 214.8025pt x 287.0725pt>
File: Figures/grunt-logo.png Graphic file (type png)

<use Figures/grunt-logo.png>
Package pdftex.def Info: Figures/grunt-logo.png used on input line 339.
(pdftex.def)             Requested size: 85.91946pt x 114.82695pt.

<Figures/gulp-logo.png, id=768, 228.855pt x 511.9125pt>
File: Figures/gulp-logo.png Graphic file (type png)

<use Figures/gulp-logo.png>
Package pdftex.def Info: Figures/gulp-logo.png used on input line 340.
(pdftex.def)             Requested size: 68.65701pt x 153.57494pt.
 [40 <./Figures/grunt-logo.png> <./Figures/gulp-logo.png>] [41]) (./Chapters/Ch
apter4.tex [42]
Chapter 4.
------------------------------------------------------------------------------
 4 Conclusioni
------------------------------------------------------------------------------

Underfull \hbox (badness 10000) in paragraph at lines 6--7

 []

) (./Appendices/AppendixA.tex [43

]
Appendix A.
------------------------------------------------------------------------------
 A Appendice Argomenti
------------------------------------------------------------------------------
) [44

]
------------------------------------------------------------------------------
 Bibliografia
------------------------------------------------------------------------------
(./main.bbl
Underfull \hbox (badness 3895) in paragraph at lines 61--66
[]\OT1/cmr/m/n/10.95 Andrea Chiarelli.  Tran-sizioni di stato, hy-per-me-dia e 
il prin-ci-pio ha-
 []


Underfull \hbox (badness 10000) in paragraph at lines 61--66
\OT1/cmr/m/n/10.95 teoas | rest-ful web ser-vices - la guida |pro-gram-mazione 
html.it.
 []


Underfull \hbox (badness 10000) in paragraph at lines 61--66
\OT1/cmr/m/n/10.95 http://www.html.it/pag/19606/transizioni-di-stato-hypermedia
-e-il-principio-
 []

[45


])
Package atveryend Info: Empty hook `BeforeClearDocument' on input line 319.
 [46]
Package atveryend Info: Empty hook `AfterLastShipout' on input line 319.
 (./main.aux)
Package atveryend Info: Executing hook `AtVeryEndDocument' on input line 319.
Package atveryend Info: Executing hook `AtEndAfterFileList' on input line 319.


Package rerunfilecheck Warning: File `main.out' has changed.
(rerunfilecheck)                Rerun to get outlines right
(rerunfilecheck)                or use package `bookmark'.

Package rerunfilecheck Info: Checksums for `main.out':
(rerunfilecheck)             Before: 0FA691A2CEC1FF4724082DB9ADF2BFF1;9778
(rerunfilecheck)             After:  AA780A0837BA352754084219ED17ED04;9778.

LaTeX Warning: There were undefined references.


LaTeX Warning: Label(s) may have changed. Rerun to get cross-references right.

Package atveryend Info: Empty hook `AtVeryVeryEnd' on input line 319.
 ) 
Here is how much of TeX's memory you used:
 15076 strings out of 495034
 216144 string characters out of 6181676
 316059 words of memory out of 5000000
 17716 multiletter control sequences out of 15000+600000
 17109 words of font info for 63 fonts, out of 8000000 for 9000
 14 hyphenation exceptions out of 8191
 49i,12n,51p,1315b,1825s stack positions out of 5000i,500n,10000p,200000b,80000s
pdfTeX warning (dest): name{lstlisting.177} has been referenced but does not 
exist, replaced by a fixed one

pdfTeX warning (dest): name{lstlisting.173} has been referenced but does not ex
ist, replaced by a fixed one

pdfTeX warning (dest): name{figure.caption.203} has been referenced but does no
t exist, replaced by a fixed one

pdfTeX warning (dest): name{figure.caption.169} has been referenced but does no
t exist, replaced by a fixed one

pdfTeX warning (dest): name{dummy.218} has been referenced but does not exist, 
replaced by a fixed one

pdfTeX warning (dest): name{section.212} has been referenced but does not exist
, replaced by a fixed one

pdfTeX warning (dest): name{appendix.211} has been referenced but does not exis
t, replaced by a fixed one

pdfTeX warning (dest): name{section.208} has been referenced but does not exist
, replaced by a fixed one

pdfTeX warning (dest): name{chapter.207} has been referenced but does not exist
, replaced by a fixed one

pdfTeX warning (dest): name{subsection.206} has been referenced but does not ex
ist, replaced by a fixed one

pdfTeX warning (dest): name{section.204} has been referenced but does not exist
, replaced by a fixed one

pdfTeX warning (dest): name{subsection.202} has been referenced but does not ex
ist, replaced by a fixed one

pdfTeX warning (dest): name{subsection.172} has been referenced but does not ex
ist, replaced by a fixed one

pdfTeX warning (dest): name{section.171} has been referenced but does not exist
, replaced by a fixed one

pdfTeX warning (dest): name{subsection.168} has been referenced but does not ex
ist, replaced by a fixed one

</usr/share/texlive/texmf-dist/fonts/type1/public/amsfonts/cm/cmbx10.pfb></usr/
share/texlive/texmf-dist/fonts/type1/public/amsfonts/cm/cmbx12.pfb></usr/share/
texlive/texmf-dist/fonts/type1/public/amsfonts/cm/cmbxti10.pfb></usr/share/texl
ive/texmf-dist/fonts/type1/public/amsfonts/cm/cmcsc10.pfb></usr/share/texlive/t
exmf-dist/fonts/type1/public/amsfonts/cm/cmr10.pfb></usr/share/texlive/texmf-di
st/fonts/type1/public/amsfonts/cm/cmr12.pfb></usr/share/texlive/texmf-dist/font
s/type1/public/amsfonts/cm/cmr6.pfb></usr/share/texlive/texmf-dist/fonts/type1/
public/amsfonts/cm/cmr8.pfb></usr/share/texlive/texmf-dist/fonts/type1/public/a
msfonts/cm/cmr9.pfb></usr/share/texlive/texmf-dist/fonts/type1/public/amsfonts/
cm/cmsl10.pfb></usr/share/texlive/texmf-dist/fonts/type1/public/amsfonts/cm/cms
y10.pfb></usr/share/texlive/texmf-dist/fonts/type1/public/amsfonts/cm/cmti10.pf
b></usr/share/texlive/texmf-dist/fonts/type1/public/amsfonts/cm/cmti12.pfb></us
r/share/texlive/texmf-dist/fonts/type1/public/amsfonts/cm/cmtt10.pfb></usr/shar
e/texlive/texmf-dist/fonts/type1/public/amsfonts/cm/cmtt8.pfb>
Output written on main.pdf (56 pages, 1063204 bytes).
PDF statistics:
 959 PDF objects out of 1000 (max. 8388607)
 846 compressed objects within 9 object streams
 308 named destinations out of 1000 (max. 500000)
 536 words of extra memory for PDF output out of 10000 (max. 10000000)

