\BOOKMARK [0][-]{dummy.1}{\376\377\000A\000b\000s\000t\000r\000a\000c\000t}{}% 1
\BOOKMARK [0][-]{dummy.2}{\376\377\000A\000c\000k\000n\000o\000w\000l\000e\000d\000g\000e\000m\000e\000n\000t\000s}{}% 2
\BOOKMARK [0][-]{dummy.3}{\376\377\000C\000o\000n\000t\000e\000n\000t\000s}{}% 3
\BOOKMARK [0][-]{dummy.5}{\376\377\000L\000i\000s\000t\000\040\000o\000f\000\040\000F\000i\000g\000u\000r\000e\000s}{}% 4
\BOOKMARK [0][-]{dummy.7}{\376\377\000L\000i\000s\000t\000\040\000o\000f\000\040\000T\000a\000b\000l\000e\000s}{}% 5
\BOOKMARK [0][-]{dummy.9}{\376\377\000A\000b\000b\000r\000e\000v\000i\000a\000t\000i\000o\000n\000s}{}% 6
\BOOKMARK [0][-]{dummy.12}{\376\377\000S\000y\000m\000b\000o\000l\000s}{}% 7
\BOOKMARK [0][-]{chapter.15}{\376\377\0001\000\040\000S\000t\000a\000t\000o\000\040\000d\000e\000l\000l\000'\000a\000r\000t\000e\000\040\000e\000\040\000o\000b\000i\000e\000t\000t\000i\000v\000i\000\040\000d\000e\000l\000l\000a\000\040\000t\000e\000s\000i}{}% 8
\BOOKMARK [1][-]{section.16}{\376\377\0001\000.\0001\000\040\000L\000o\000\040\000s\000t\000a\000t\000o\000\040\000d\000e\000l\000l\000'\000a\000r\000t\000e}{chapter.15}% 9
\BOOKMARK [1][-]{section.17}{\376\377\0001\000.\0002\000\040\000B\000i\000g\000\040\000T\000h\000i\000n\000k\000\040\000S\000R\000L}{chapter.15}% 10
\BOOKMARK [1][-]{section.18}{\376\377\0001\000.\0003\000\040\000O\000b\000i\000e\000t\000t\000i\000v\000i\000\040\000d\000e\000l\000\040\000l\000a\000v\000o\000r\000o}{chapter.15}% 11
\BOOKMARK [2][-]{subsection.19}{\376\377\0001\000.\0003\000.\0001\000\040\000L\000a\000\040\000r\000i\000c\000h\000i\000e\000s\000t\000a\000\040\000d\000e\000l\000\040\000m\000e\000r\000c\000a\000t\000o}{section.18}% 12
\BOOKMARK [3][-]{subsubsection.20}{\376\377\0001\000.\0003\000.\0001\000.\0001\000\040\000C\000i\000c\000l\000o\000\040\000d\000i\000\040\000v\000i\000t\000a\000\040\000d\000i\000\040\000u\000n\000a\000\040\000a\000p\000p}{subsection.19}% 13
\BOOKMARK [3][-]{subsubsection.21}{\376\377\0001\000.\0003\000.\0001\000.\0002\000\040\000P\000i\000\371\000\040\000m\000e\000r\000c\000a\000t\000i\000\040\000s\000u\000\040\000c\000u\000i\000\040\000c\000o\000m\000p\000e\000t\000e\000r\000e}{subsection.19}% 14
\BOOKMARK [2][-]{subsection.22}{\376\377\0001\000.\0003\000.\0002\000\040\000M\000o\000d\000e\000l\000l\000i\000\040\000d\000i\000\040\000s\000v\000i\000l\000u\000p\000p\000o}{section.18}% 15
\BOOKMARK [3][-]{subsubsection.23}{\376\377\0001\000.\0003\000.\0002\000.\0001\000\040\000S\000v\000i\000l\000u\000p\000p\000o\000\040\000N\000a\000t\000i\000v\000o}{subsection.22}% 16
\BOOKMARK [3][-]{subsubsection.24}{\376\377\0001\000.\0003\000.\0002\000.\0002\000\040\000L\000e\000\040\000w\000e\000b\000\040\000a\000p\000p}{subsection.22}% 17
\BOOKMARK [2][-]{subsection.25}{\376\377\0001\000.\0003\000.\0003\000\040\000L\000a\000\040\000r\000i\000c\000e\000r\000c\000a\000\040\000d\000e\000l\000l\000a\000\040\000s\000o\000l\000u\000z\000i\000o\000n\000e}{section.18}% 18
\BOOKMARK [0][-]{chapter.26}{\376\377\0002\000\040\000R\000i\000c\000e\000r\000c\000a\000\040\000d\000e\000g\000l\000i\000\040\000s\000t\000r\000u\000m\000e\000n\000t\000i\000\040\000a\000d\000a\000t\000t\000i\000\040\000p\000e\000r\000\040\000l\000o\000\040\000s\000v\000i\000l\000u\000p\000p\000o}{}% 19
\BOOKMARK [1][-]{section.27}{\376\377\0002\000.\0001\000\040\000C\000o\000m\000e\000\040\000r\000e\000n\000d\000e\000r\000e\000\040\000u\000n\000a\000\040\000a\000p\000p\000l\000i\000c\000a\000z\000i\000o\000n\000e\000\040\000C\000r\000o\000s\000s\000\040\000P\000l\000a\000t\000f\000o\000r\000m}{chapter.26}% 20
\BOOKMARK [2][-]{subsection.28}{\376\377\0002\000.\0001\000.\0001\000\040\000C\000o\000r\000d\000o\000v\000a}{section.27}% 21
\BOOKMARK [2][-]{subsection.29}{\376\377\0002\000.\0001\000.\0002\000\040\000T\000i\000t\000a\000n\000i\000u\000m}{section.27}% 22
\BOOKMARK [2][-]{subsection.30}{\376\377\0002\000.\0001\000.\0003\000\040\000M\000o\000n\000a\000c\000a}{section.27}% 23
\BOOKMARK [1][-]{section.31}{\376\377\0002\000.\0002\000\040\000D\000e\000s\000i\000g\000n\000\040\000e\000\040\000S\000t\000r\000u\000t\000t\000u\000r\000a\000\040\000d\000e\000l\000l\000'\000A\000p\000p\000l\000i\000c\000a\000z\000i\000o\000n\000e}{chapter.26}% 24
\BOOKMARK [2][-]{subsection.32}{\376\377\0002\000.\0002\000.\0001\000\040\000S\000t\000r\000u\000t\000t\000u\000r\000a\000\040\000d\000e\000l\000l\000'\000A\000p\000p}{section.31}% 25
\BOOKMARK [1][-]{section.33}{\376\377\0002\000.\0003\000\040\000L\000a\000\040\000s\000c\000e\000l\000t\000a\000\040\000d\000e\000g\000l\000i\000\040\000s\000t\000r\000u\000m\000e\000n\000t\000i}{chapter.26}% 26
\BOOKMARK [2][-]{subsection.34}{\376\377\0002\000.\0003\000.\0001\000\040\000A\000n\000g\000u\000l\000a\000r\000J\000S}{section.33}% 27
\BOOKMARK [2][-]{subsection.35}{\376\377\0002\000.\0003\000.\0002\000\040\000G\000r\000u\000n\000t\000\040\000e\000\040\000B\000o\000w\000e\000r}{section.33}% 28
\BOOKMARK [2][-]{subsection.38}{\376\377\0002\000.\0003\000.\0003\000\040\000A\000m\000b\000i\000e\000n\000t\000e\000\040\000d\000i\000\040\000s\000v\000i\000l\000u\000p\000p\000o}{section.33}% 29
\BOOKMARK [0][-]{chapter.39}{\376\377\0003\000\040\000C\000h\000a\000p\000t\000e\000r\000\040\000T\000i\000t\000l\000e\000\040\000H\000e\000r\000e}{}% 30
\BOOKMARK [1][-]{section.40}{\376\377\0003\000.\0001\000\040\000W\000e\000l\000c\000o\000m\000e\000\040\000a\000n\000d\000\040\000T\000h\000a\000n\000k\000\040\000Y\000o\000u}{chapter.39}% 31
\BOOKMARK [1][-]{section.41}{\376\377\0003\000.\0002\000\040\000L\000e\000a\000r\000n\000i\000n\000g\000\040\000L\000a\000T\000e\000X}{chapter.39}% 32
\BOOKMARK [2][-]{subsection.42}{\376\377\0003\000.\0002\000.\0001\000\040\000A\000\040\000\050\000n\000o\000t\000\040\000s\000o\000\040\000s\000h\000o\000r\000t\000\051\000\040\000I\000n\000t\000r\000o\000d\000u\000c\000t\000i\000o\000n\000\040\000t\000o\000\040\000L\000a\000T\000e\000X}{section.41}% 33
\BOOKMARK [2][-]{subsection.43}{\376\377\0003\000.\0002\000.\0002\000\040\000A\000\040\000S\000h\000o\000r\000t\000\040\000M\000a\000t\000h\000\040\000G\000u\000i\000d\000e\000\040\000f\000o\000r\000\040\000L\000a\000T\000e\000X}{section.41}% 34
\BOOKMARK [2][-]{subsection.44}{\376\377\0003\000.\0002\000.\0003\000\040\000C\000o\000m\000m\000o\000n\000\040\000L\000a\000T\000e\000X\000\040\000M\000a\000t\000h\000\040\000S\000y\000m\000b\000o\000l\000s}{section.41}% 35
\BOOKMARK [2][-]{subsection.45}{\376\377\0003\000.\0002\000.\0004\000\040\000L\000a\000T\000e\000X\000\040\000o\000n\000\040\000a\000\040\000M\000a\000c}{section.41}% 36
\BOOKMARK [1][-]{section.46}{\376\377\0003\000.\0003\000\040\000G\000e\000t\000t\000i\000n\000g\000\040\000S\000t\000a\000r\000t\000e\000d\000\040\000w\000i\000t\000h\000\040\000t\000h\000i\000s\000\040\000T\000e\000m\000p\000l\000a\000t\000e}{chapter.39}% 37
\BOOKMARK [2][-]{subsection.47}{\376\377\0003\000.\0003\000.\0001\000\040\000A\000b\000o\000u\000t\000\040\000t\000h\000i\000s\000\040\000T\000e\000m\000p\000l\000a\000t\000e}{section.46}% 38
\BOOKMARK [1][-]{section.48}{\376\377\0003\000.\0004\000\040\000W\000h\000a\000t\000\040\000t\000h\000i\000s\000\040\000T\000e\000m\000p\000l\000a\000t\000e\000\040\000I\000n\000c\000l\000u\000d\000e\000s}{chapter.39}% 39
\BOOKMARK [2][-]{subsection.49}{\376\377\0003\000.\0004\000.\0001\000\040\000F\000o\000l\000d\000e\000r\000s}{section.48}% 40
\BOOKMARK [2][-]{subsection.50}{\376\377\0003\000.\0004\000.\0002\000\040\000F\000i\000l\000e\000s}{section.48}% 41
\BOOKMARK [1][-]{section.51}{\376\377\0003\000.\0005\000\040\000F\000i\000l\000l\000i\000n\000g\000\040\000i\000n\000\040\000t\000h\000e\000\040\000`\000T\000h\000e\000s\000i\000s\000.\000c\000l\000s\000'\000\040\000F\000i\000l\000e}{chapter.39}% 42
\BOOKMARK [1][-]{section.52}{\376\377\0003\000.\0006\000\040\000T\000h\000e\000\040\000`\000T\000h\000e\000s\000i\000s\000.\000t\000e\000x\000'\000\040\000F\000i\000l\000e\000\040\000E\000x\000p\000l\000a\000i\000n\000e\000d}{chapter.39}% 43
\BOOKMARK [1][-]{section.53}{\376\377\0003\000.\0007\000\040\000T\000h\000e\000s\000i\000s\000\040\000F\000e\000a\000t\000u\000r\000e\000s\000\040\000a\000n\000d\000\040\000C\000o\000n\000v\000e\000n\000t\000i\000o\000n\000s}{chapter.39}% 44
\BOOKMARK [2][-]{subsection.54}{\376\377\0003\000.\0007\000.\0001\000\040\000P\000r\000i\000n\000t\000i\000n\000g\000\040\000F\000o\000r\000m\000a\000t}{section.53}% 45
\BOOKMARK [2][-]{subsection.55}{\376\377\0003\000.\0007\000.\0002\000\040\000U\000s\000i\000n\000g\000\040\000U\000S\000\040\000L\000e\000t\000t\000e\000r\000\040\000P\000a\000p\000e\000r}{section.53}% 46
\BOOKMARK [2][-]{subsection.56}{\376\377\0003\000.\0007\000.\0003\000\040\000R\000e\000f\000e\000r\000e\000n\000c\000e\000s}{section.53}% 47
\BOOKMARK [2][-]{subsection.58}{\376\377\0003\000.\0007\000.\0004\000\040\000F\000i\000g\000u\000r\000e\000s}{section.53}% 48
\BOOKMARK [2][-]{subsection.60}{\376\377\0003\000.\0007\000.\0005\000\040\000T\000y\000p\000e\000s\000e\000t\000t\000i\000n\000g\000\040\000m\000a\000t\000h\000e\000m\000a\000t\000i\000c\000s}{section.53}% 49
\BOOKMARK [1][-]{section.62}{\376\377\0003\000.\0008\000\040\000S\000e\000c\000t\000i\000o\000n\000i\000n\000g\000\040\000a\000n\000d\000\040\000S\000u\000b\000s\000e\000c\000t\000i\000o\000n\000i\000n\000g}{chapter.39}% 50
\BOOKMARK [1][-]{section.63}{\376\377\0003\000.\0009\000\040\000I\000n\000\040\000C\000l\000o\000s\000i\000n\000g}{chapter.39}% 51
\BOOKMARK [0][-]{appendix.64}{\376\377\000A\000\040\000A\000p\000p\000e\000n\000d\000i\000x\000\040\000T\000i\000t\000l\000e\000\040\000H\000e\000r\000e}{}% 52
\BOOKMARK [0][-]{dummy.65}{\376\377\000B\000i\000b\000l\000i\000o\000g\000r\000a\000p\000h\000y}{}% 53
